Final/app/build/intermediates/manifest_merge_blame_file/debug/manifest-merger-blame-debug-report.txt
1<?xml version="1.0" encoding="utf-8"?>
2<manifest xmlns:android="http://schemas.android.com/apk/res/android"
3    package="com.example.afinal"
4    android:versionCode="1"
5    android:versionName="1.0" >
6
7    <uses-sdk
8        android:minSdkVersion="24"
8-->src\main\AndroidManifest.xml
9        android:targetSdkVersion="30" />
9-->src\main\AndroidManifest.xml
10
11    <application
11-->src\main\AndroidManifest.xml:5:5-27:19
12        android:allowBackup="true"
12-->src\main\AndroidManifest.xml:6:9-35
13        android:appComponentFactory="androidx.core.app.CoreComponentFactory"
13-->[androidx.core:core:1.3.1] AndroidManifest.xml:24:18-86
14        android:debuggable="true"
15        android:extractNativeLibs="false"
16        android:icon="@mipmap/ic_launcher"
16-->src\main\AndroidManifest.xml:7:9-43
17        android:label="@string/app_name"
17-->src\main\AndroidManifest.xml:8:9-41
18        android:roundIcon="@mipmap/ic_launcher_round"
18-->src\main\AndroidManifest.xml:9:9-54
19        android:supportsRtl="true"
19-->src\main\AndroidManifest.xml:10:9-35
20        android:testOnly="true"
21        android:theme="@style/AppTheme" >
21-->src\main\AndroidManifest.xml:11:9-40
22        <activity android:name="com.example.afinal.ListaEmpleados" />
22-->src\main\AndroidManifest.xml:12:9-61
22-->src\main\AndroidManifest.xml:12:19-49
23        <activity android:name="com.example.afinal.ModificarEmpleadoActivity" />
23-->src\main\AndroidManifest.xml:13:9-63
23-->src\main\AndroidManifest.xml:13:19-60
24        <activity android:name="com.example.afinal.EmpresaActivity" />
24-->src\main\AndroidManifest.xml:14:9-53
24-->src\main\AndroidManifest.xml:14:19-50
25        <activity android:name="com.example.afinal.ListaEmpresasActivity" />
25-->src\main\AndroidManifest.xml:15:9-59
25-->src\main\AndroidManifest.xml:15:19-56
26        <activity android:name="com.example.afinal.AgregarEmpresaActivity" />
26-->src\main\AndroidManifest.xml:16:9-60
26-->src\main\AndroidManifest.xml:16:19-57
27        <activity android:name="com.example.afinal.EmpleadoActivity" />
27-->src\main\AndroidManifest.xml:17:9-54
27-->src\main\AndroidManifest.xml:17:19-51
28        <activity android:name="com.example.afinal.MenuEstudiante" />
28-->src\main\AndroidManifest.xml:18:9-52
28-->src\main\AndroidManifest.xml:18:19-49
29        <activity android:name="com.example.afinal.CrearEstudiante" />
29-->src\main\AndroidManifest.xml:19:9-53
29-->src\main\AndroidManifest.xml:19:19-50
30        <activity android:name="com.example.afinal.MainActivity" >
30-->src\main\AndroidManifest.xml:20:9-26:20
30-->src\main\AndroidManifest.xml:20:19-47
31            <intent-filter>
31-->src\main\AndroidManifest.xml:21:13-25:29
32                <action android:name="android.intent.action.MAIN" />
32-->src\main\AndroidManifest.xml:22:17-69
32-->src\main\AndroidManifest.xml:22:25-66
33
34                <category android:name="android.intent.category.LAUNCHER" />
34-->src\main\AndroidManifest.xml:24:17-77
34-->src\main\AndroidManifest.xml:24:27-74
35            </intent-filter>
36        </activity>
37    </application>
38
39</manifest>